Change Component Designator: OldDesignator=D NewDesignator=D3
Change Component Designator: OldDesignator=D? NewDesignator=D2
Change Component Designator: OldDesignator=J4 NewDesignator=J2
Change Component Designator: OldDesignator=Motor_L NewDesignator=Motor_L1
Change Component Designator: OldDesignator=Motor_R NewDesignator=Motor_R1
Added Component: Designator=P2(HDR2X5)
Add component (AddParameter): Name = "LatestRevisionDate"; Value = "17-Jul-2002"; VariantName = "[No Variations]"
Add component (AddParameter): Name = "LatestRevisionNote"; Value = "Re-released for DXP Platform."; VariantName = "[No Variations]"
Add component (AddParameter): Name = "Publisher"; Value = "Altium Limited"; VariantName = "[No Variations]"
Added Pin To Net: NetName=3.3V Pin=P2-1
Added Pin To Net: NetName=GND Pin=P2-2
Added Pin To Net: NetName=3.3V Pin=P2-3
Added Pin To Net: NetName=GND Pin=P2-4
Added Pin To Net: NetName=3.3V Pin=P2-5
Added Pin To Net: NetName=GND Pin=P2-6
Added Pin To Net: NetName=3.3V Pin=P2-7
Added Pin To Net: NetName=GND Pin=P2-8
Change Net Name : Old Net Name=NetD?_2 New Net Name=NetD2_2
Change Net Name : Old Net Name=NetD_C New Net Name=NetD3_C
Added Member To Class: ClassName=Sheet6 Member=Component P2 Header 5X2
Added Room: Name=Sheet6
