Removed Pin From Net: NetName=3.3V Pin=P1-2
Change Component Designator: OldDesignator=Left_Motor NewDesignator=Bridge_2
Change Component Designator: OldDesignator=LM2596 NewDesignator=VR1
Change Component Designator: OldDesignator=Right_Motor NewDesignator=Bridge_1
Added Component: Designator=P3(HDR2X5)
Add component (AddParameter): Name = "LatestRevisionDate"; Value = "17-Jul-2002"; VariantName = "[No Variations]"
Add component (AddParameter): Name = "LatestRevisionNote"; Value = "Re-released for DXP Platform."; VariantName = "[No Variations]"
Add component (AddParameter): Name = "Publisher"; Value = "Altium Limited"; VariantName = "[No Variations]"
Added Pin To Net: NetName=GND Pin=P3-2
Added Pin To Net: NetName=GND Pin=P3-4
Added Pin To Net: NetName=GND Pin=P3-6
Added Pin To Net: NetName=GND Pin=P3-8
Added Pin To Net: NetName=GND Pin=P3-10
Added Pin To Net: NetName=5V Pin=P1-2
Added Pin To Net: NetName=5V Pin=P3-1
Added Pin To Net: NetName=5V Pin=P3-3
Added Pin To Net: NetName=5V Pin=P3-5
Added Pin To Net: NetName=5V Pin=P3-7
Added Pin To Net: NetName=5V Pin=P3-9
Added Net: Name=5V
Added Member To Class: ClassName=Sheet6 Member=Component P3 Header 5X2
Added Room: Name=Sheet6
