Removed Member From Class: ClassName=Sheet5 Member=H2
Change Component Designator: OldDesignator=H1 NewDesignator=Encod_R
Added Component: Designator=Encod_R?(Header 4P DC 2.54)
Add component (AddParameter): Name = "Chung_Loai"; Value = "C?m"; VariantName = "[No Variations]"
Add component (AddParameter): Name = "Don_Vi"; Value = "Con"; VariantName = "[No Variations]"
Add component (AddParameter): Name = "Ghi_Chu"; Value = ""; VariantName = "[No Variations]"
Add component (AddParameter): Name = "Kieu_Chan"; Value = ""; VariantName = "[No Variations]"
Add component (AddParameter): Name = "Ma_Hang"; Value = "MH001310"; VariantName = "[No Variations]"
Add component (AddParameter): Name = "Ten_Linh_Kien"; Value = "Header 4P XH2.54-4P Ð?c Cong"; VariantName = "[No Variations]"
Added Pin To Net: NetName=VCC Pin=Encod_R-1
Added Pin To Net: NetName=GND Pin=Encod_R-2
Added Pin To Net: NetName=VCC Pin=Encod_R?-1
Added Pin To Net: NetName=GND Pin=Encod_R?-2
Added Pin To Net: NetName=VCC Pin=IC1-1
Added Pin To Net: NetName=VCC Pin=IC1-1
Added Pin To Net: NetName=VCC Pin=IC1-1
Added Pin To Net: NetName=VCC Pin=IC1-1
Added Pin To Net: NetName=VCC Pin=IC1-1
Added Pin To Net: NetName=GND Pin=IC1-2
Added Pin To Net: NetName=CLK Pin=IC1-13
Added Net: Name=CLK
Added Pin To Net: NetName=CS Pin=IC1-12
Added Net: Name=CS
Added Pin To Net: NetName=Den_Run Pin=IC1-6
Added Net: Name=Den_Run
Added Pin To Net: NetName=Den_Stop Pin=IC1-7
Added Net: Name=Den_Stop
Added Pin To Net: NetName=Den_Warning Pin=IC1-8
Added Net: Name=Den_Warning
Added Pin To Net: NetName=DIN Pin=IC1-11
Added Net: Name=DIN
Added Pin To Net: NetName=Encoder_L1 Pin=Encod_R?-3
Added Net: Name=Encoder_L1
Added Pin To Net: NetName=Encoder_L2 Pin=Encod_R?-4
Added Net: Name=Encoder_L2
Added Pin To Net: NetName=Encoder_R1 Pin=Encod_R-3
Added Net: Name=Encoder_R1
Added Pin To Net: NetName=Encoder_R2 Pin=Encod_R-4
Added Net: Name=Encoder_R2
Added Pin To Net: NetName=Input_01 Pin=IC1-3
Added Net: Name=Input_01
Added Pin To Net: NetName=Input_02 Pin=IC1-4
Added Net: Name=Input_02
Added Pin To Net: NetName=Input_03 Pin=IC1-5
Added Net: Name=Input_03
Added Pin To Net: NetName=SCL_Oled Pin=IC1-15
Added Net: Name=SCL_Oled
Added Pin To Net: NetName=SDA_Oled Pin=IC1-14
Added Net: Name=SDA_Oled
Added Pin To Net: NetName=Var Pin=IC1-16
Added Net: Name=Var
Added Member To Class: ClassName=Sheet5 Member=Component C1 104
Added Member To Class: ClassName=Sheet5 Member=Component C2 104
Added Member To Class: ClassName=Sheet5 Member=Component C3 104
Added Member To Class: ClassName=Sheet5 Member=Component C4 104
Added Member To Class: ClassName=Sheet5 Member=Component C6 10uF
Added Member To Class: ClassName=Sheet5 Member=Component C7 103
Added Member To Class: ClassName=Sheet5 Member=Component C8 100uF
Added Member To Class: ClassName=Sheet5 Member=Component C9 10uF
Added Member To Class: ClassName=Sheet5 Member=Component Encod_R? Header 4P 2.54 Duc Cong
Added Member To Class: ClassName=Sheet5 Member=Component P3 Header 12X2
Added Member To Class: ClassName=Sheet5 Member=Component P6 Header 20
Added Member To Class: ClassName=Sheet5 Member=Component U2 STM32F407xx-LQFP100
Added Room: Name=Sheet5
