Added Pin To Net: NetName=PUlSE_STEPPER Pin=P1-21
Added Pin To Net: NetName=Var Pin=P1-22
Added Pin To Net: NetName=TX_HC05 Pin=P1-23
Added Pin To Net: NetName=RX_HC05 Pin=P2-2
Added Pin To Net: NetName=Encoder_R1 Pin=P2-3
Added Pin To Net: NetName=PWMR Pin=P2-4
Added Pin To Net: NetName=Encoder_R2 Pin=P2-6
Added Pin To Net: NetName=PWML Pin=P2-13
Added Pin To Net: NetName=SCL_Oled Pin=P2-20
Added Pin To Net: NetName=SDA_Oled Pin=P2-21
Added Pin To Net: NetName=USER_Button Pin=P3-5
Added Pin To Net: NetName=Start_Button Pin=P3-7
Added Pin To Net: NetName=Stop_Button Pin=P3-8
Added Pin To Net: NetName=DIR_R Pin=P3-11
Added Pin To Net: NetName=DIR_L Pin=P3-12
Added Pin To Net: NetName=DIR_STEPPER Pin=P3-13
Added Pin To Net: NetName=CLK Pin=P3-14
Added Pin To Net: NetName=DIN Pin=P3-16
Added Pin To Net: NetName=SCL_ESP32 Pin=P3-17
Added Pin To Net: NetName=SDA_ESP32 Pin=P3-18
Added Pin To Net: NetName=CS Pin=P3-20
Added Pin To Net: NetName=Encoder_L2 Pin=P4-9
Added Pin To Net: NetName=Encoder_L1 Pin=P4-10
Added Pin To Net: NetName=TX_ESP32 Pin=P4-18
Added Pin To Net: NetName=RX_ESP32 Pin=P4-19
