Removed Pin From Net: NetName=Pin_01 Pin=P1-1
Removed Pin From Net: NetName=Pin_02 Pin=P1-2
Removed Pin From Net: NetName=Pin_03 Pin=P1-3
Removed Pin From Net: NetName=Pin_04 Pin=P1-4
Removed Pin From Net: NetName=Pin_05 Pin=P1-5
Removed Pin From Net: NetName=Pin_07 Pin=P1-6
Removed Pin From Net: NetName=Pin_08 Pin=P1-7
Removed Pin From Net: NetName=Pin_09 Pin=P1-8
Removed Pin From Net: NetName=Pin_15 Pin=P1-9
Removed Pin From Net: NetName=Pin_16 Pin=P1-10
Removed Pin From Net: NetName=Pin_17 Pin=P1-11
Removed Pin From Net: NetName=Pin_18 Pin=P1-12
Removed Pin From Net: NetName=Pin_23 Pin=P1-13
Removed Pin From Net: NetName=Pin_24 Pin=P1-14
Removed Pin From Net: NetName=Pin_25 Pin=P1-15
Added Pin To Net: NetName=Pin_02 Pin=P1-1
Added Pin To Net: NetName=Pin_01 Pin=P1-2
Added Pin To Net: NetName=Pin_04 Pin=P1-3
Added Pin To Net: NetName=Pin_03 Pin=P1-4
Added Pin To Net: NetName=Pin_07 Pin=P1-5
Added Pin To Net: NetName=Pin_05 Pin=P1-6
Added Pin To Net: NetName=Pin_09 Pin=P1-7
Added Pin To Net: NetName=Pin_08 Pin=P1-8
Added Pin To Net: NetName=Pin_16 Pin=P1-9
Added Pin To Net: NetName=Pin_15 Pin=P1-10
Added Pin To Net: NetName=Pin_18 Pin=P1-11
Added Pin To Net: NetName=Pin_17 Pin=P1-12
Added Pin To Net: NetName=Pin_24 Pin=P1-13
Added Pin To Net: NetName=Pin_23 Pin=P1-14
Added Pin To Net: NetName=Pin_25 Pin=P1-16
Added Member To Class: ClassName=Sheet5 Member=Component C8 104
Added Member To Class: ClassName=Sheet5 Member=Component R1 120R
Added Member To Class: ClassName=Sheet5 Member=Component U2 ESP32-DEVKITC-32D
Added Member To Class: ClassName=Sheet5 Member=Component VR2 LM1117T-3.3/NOPB
Added Room: Name=Sheet5
