Removed Pin From Net: NetName=Pin_94 Pin=U2-94
Change Component Designator: OldDesignator=R4 NewDesignator=R6
Change Component Designator: OldDesignator=R5 NewDesignator=R7
Change Component Designator: OldDesignator=R6 NewDesignator=R4
Change Component Designator: OldDesignator=R7 NewDesignator=R5
Change Component Designator: OldDesignator=R11 NewDesignator=R12
Change Component Designator: OldDesignator=R12 NewDesignator=R13
Added Component: Designator=R11(tro smd 0805)
Add component (AddParameter): Name = "Chung_Loai"; Value = "Dán"; VariantName = "[No Variations]"
Add component (AddParameter): Name = "Don_Vi"; Value = "Con"; VariantName = "[No Variations]"
Add component (AddParameter): Name = "Kieu_Chan"; Value = ""; VariantName = "[No Variations]"
Add component (AddParameter): Name = "Ma_Hang"; Value = "MH005239"; VariantName = "[No Variations]"
Add component (AddParameter): Name = "So_Chan"; Value = "2"; VariantName = "[No Variations]"
Add component (AddParameter): Name = "Ten_Linh_Kien"; Value = "Tr? 0805 5% 10k"; VariantName = "[No Variations]"
Added Pin To Net: NetName=SWCLK Pin=Encod_L1-3
Added Pin To Net: NetName=SWDIO Pin=Encod_L1-4
Added Pin To Net: NetName=GND Pin=R11-2
Added Pin To Net: NetName=Boot0 Pin=R11-1
Added Pin To Net: NetName=Boot0 Pin=U2-94
Added Net: Name=Boot0
Added Member To Class: ClassName=Sheet5 Member=Component R4 120R
Added Member To Class: ClassName=Sheet5 Member=Component R6 4.7k
Added Member To Class: ClassName=Sheet5 Member=Component R7 4.7k
Added Member To Class: ClassName=Sheet5 Member=Component R8 4.7k
Added Member To Class: ClassName=Sheet5 Member=Component R13 100R
Added Room: Name=Sheet5
