Added Component: Designator=P?(HDR1X20)
Add component (AddParameter): Name = "LatestRevisionDate"; Value = "17-Jul-2002"; VariantName = "[No Variations]"
Add component (AddParameter): Name = "LatestRevisionNote"; Value = "Re-released for DXP Platform."; VariantName = "[No Variations]"
Add component (AddParameter): Name = "Publisher"; Value = "Altium Limited"; VariantName = "[No Variations]"
Added Component: Designator=P?(HDR1X20)
Add component (AddParameter): Name = "LatestRevisionDate"; Value = "17-Jul-2002"; VariantName = "[No Variations]"
Add component (AddParameter): Name = "LatestRevisionNote"; Value = "Re-released for DXP Platform."; VariantName = "[No Variations]"
Add component (AddParameter): Name = "Publisher"; Value = "Altium Limited"; VariantName = "[No Variations]"
Added Member To Class: ClassName=Sheet5 Member=Component C? 100uF
Added Member To Class: ClassName=Sheet5 Member=Component C? 104
Added Member To Class: ClassName=Sheet5 Member=Component C? 10uF
Added Member To Class: ClassName=Sheet5 Member=Component C? 10uF
Added Member To Class: ClassName=Sheet5 Member=Component C? 103
Added Member To Class: ClassName=Sheet5 Member=Component C? 103
Added Member To Class: ClassName=Sheet5 Member=Component C? 104
Added Member To Class: ClassName=Sheet5 Member=Component C? 100uF
Added Member To Class: ClassName=Sheet5 Member=Component H? Header 4P 2.54 Duc Cong
Added Member To Class: ClassName=Sheet5 Member=Component L? LED 0805
Added Member To Class: ClassName=Sheet5 Member=Component P? Header 12X2
Added Member To Class: ClassName=Sheet5 Member=Component P? Header 12X2
Added Member To Class: ClassName=Sheet5 Member=Component P? Header 20
Added Member To Class: ClassName=Sheet5 Member=Component P? Header 20
Added Member To Class: ClassName=Sheet5 Member=Component P? Header 12X2
Added Member To Class: ClassName=Sheet5 Member=Component R? 200R
Added Member To Class: ClassName=Sheet5 Member=Component R? 200R
Added Member To Class: ClassName=Sheet5 Member=Component R? 120R
Added Member To Class: ClassName=Sheet5 Member=Component R? 3.3k
Added Member To Class: ClassName=Sheet5 Member=Component R? 120R
Added Member To Class: ClassName=Sheet5 Member=Component R? 100R
Added Member To Class: ClassName=Sheet5 Member=Component R? 3.3k
Added Member To Class: ClassName=Sheet5 Member=Component U? STM32F407xx-LQFP100
Added Member To Class: ClassName=Sheet5 Member=Component VR? LM1117T-3.3/NOPB
