Change Component Designator: OldDesignator=BT4 NewDesignator=BT1
Change Component Designator: OldDesignator=BT5 NewDesignator=BT2
Change Component Designator: OldDesignator=BT6 NewDesignator=BT3
Change Component Designator: OldDesignator=C4 NewDesignator=C1
Change Component Designator: OldDesignator=C5 NewDesignator=C2
Change Component Designator: OldDesignator=C6 NewDesignator=C3
Change Component Designator: OldDesignator=C7 NewDesignator=C4
Change Component Designator: OldDesignator=C8 NewDesignator=C5
Change Component Designator: OldDesignator=C9 NewDesignator=C6
Change Component Designator: OldDesignator=C10 NewDesignator=C7
Change Component Designator: OldDesignator=C11 NewDesignator=C8
Change Component Designator: OldDesignator=C12 NewDesignator=C9
Change Component Designator: OldDesignator=C13 NewDesignator=C10
Change Component Designator: OldDesignator=C14 NewDesignator=C11
Change Component Designator: OldDesignator=C15 NewDesignator=C12
Change Component Designator: OldDesignator=C16 NewDesignator=C13
Change Component Designator: OldDesignator=C17 NewDesignator=C14
Change Component Designator: OldDesignator=C18 NewDesignator=C15
Change Component Designator: OldDesignator=C19 NewDesignator=C16
Change Component Designator: OldDesignator=L5 NewDesignator=L1
Change Component Designator: OldDesignator=L6 NewDesignator=L2
Change Component Designator: OldDesignator=L7 NewDesignator=L3
Change Component Designator: OldDesignator=R11 NewDesignator=R1
Change Component Designator: OldDesignator=R12 NewDesignator=R2
Change Component Designator: OldDesignator=R13 NewDesignator=R3
Change Component Designator: OldDesignator=R14 NewDesignator=R4
Change Component Designator: OldDesignator=R15 NewDesignator=R5
Change Component Designator: OldDesignator=R16 NewDesignator=R6
Change Component Designator: OldDesignator=R17 NewDesignator=R7
Change Component Designator: OldDesignator=R18 NewDesignator=R8
Change Component Designator: OldDesignator=R19 NewDesignator=R9
Change Component Designator: OldDesignator=R20 NewDesignator=R10
Change Component Designator: OldDesignator=R21 NewDesignator=R11
Change Component Designator: OldDesignator=R22 NewDesignator=R12
Change Component Designator: OldDesignator=R23 NewDesignator=R13
Change Component Designator: OldDesignator=R24 NewDesignator=R14
Change Component Designator: OldDesignator=R25 NewDesignator=R15
Change Component Designator: OldDesignator=R26 NewDesignator=R16
Change Component Designator: OldDesignator=R27 NewDesignator=R17
Change Component Designator: OldDesignator=R28 NewDesignator=R18
Change Component Designator: OldDesignator=R29 NewDesignator=R19
Change Component Designator: OldDesignator=R30 NewDesignator=R20
Change Component Designator: OldDesignator=R31 NewDesignator=R21
Change Component Designator: OldDesignator=R32 NewDesignator=R22
Change Component Designator: OldDesignator=R33 NewDesignator=R23
Change Component Designator: OldDesignator=R34 NewDesignator=R24
Change Component Designator: OldDesignator=R35 NewDesignator=R25
Change Component Designator: OldDesignator=R36 NewDesignator=R26
Change Component Designator: OldDesignator=U2 NewDesignator=U1
Change Component Designator: OldDesignator=U3 NewDesignator=U2
Change Component Designator: OldDesignator=U5 NewDesignator=U4
Change Component Designator: OldDesignator=U6 NewDesignator=U5
Change Component Designator: OldDesignator=U7 NewDesignator=U6
Added Pin To Net: NetName=NetC6_1 Pin=VR1-1
Added Pin To Net: NetName=VCC Pin=VR1-2
Change Net Name : Old Net Name=NetBT4_1 New Net Name=NetBT1_1
Change Net Name : Old Net Name=NetBT5_1 New Net Name=NetBT2_1
Change Net Name : Old Net Name=NetBT6_1 New Net Name=NetBT3_1
Change Net Name : Old Net Name=NetC6_1 New Net Name=NetC3_1
Change Net Name : Old Net Name=NetL5_1 New Net Name=NetL1_1
Change Net Name : Old Net Name=NetL6_1 New Net Name=NetL2_1
Change Net Name : Old Net Name=NetL7_1 New Net Name=NetL3_1
Change Net Name : Old Net Name=NetR11_1 New Net Name=NetR1_1
Change Net Name : Old Net Name=NetR15_1 New Net Name=NetR5_1
Change Net Name : Old Net Name=NetR24_1 New Net Name=NetR14_1
Change Net Name : Old Net Name=NetR25_1 New Net Name=NetR15_1
Change Net Name : Old Net Name=NetR26_1 New Net Name=NetR16_1
Change Net Name : Old Net Name=NetR27_1 New Net Name=NetR17_1
Change Net Name : Old Net Name=NetR32_1 New Net Name=NetR22_1
Change Net Name : Old Net Name=NetR33_1 New Net Name=NetR23_1
Added Pin To Net: NetName=NetC1_1 Pin=C1-1
Added Pin To Net: NetName=NetC1_1 Pin=F1-1
Added Pin To Net: NetName=NetC1_1 Pin=VR1-3
Added Net: Name=NetC1_1
Added Pin To Net: NetName=NetC7_1 Pin=C7-1
Added Pin To Net: NetName=NetC7_1 Pin=Y1-2
Added Net: Name=NetC7_1
Added Pin To Net: NetName=NetC8_1 Pin=C8-1
Added Pin To Net: NetName=NetC8_1 Pin=Y1-1
Added Net: Name=NetC8_1
Added Pin To Net: NetName=NetC14_2 Pin=C14-2
Added Pin To Net: NetName=NetC14_2 Pin=Y2-2
Added Net: Name=NetC14_2
Added Pin To Net: NetName=NetC15_2 Pin=C15-2
Added Pin To Net: NetName=NetC15_2 Pin=Y2-1
Added Net: Name=NetC15_2
Added Pin To Net: NetName=NetR8_2 Pin=R8-2
Added Net: Name=NetR8_2
Added Member To Class: ClassName=Sheet5 Member=Component VR1 LM1117T-3.3/NOPB
