Removed Pin From Net: NetName=VCC Pin=AMS1-2
Removed Pin From Net: NetName=VCC Pin=AMS1-4
Removed Pin From Net: NetName=VCC Pin=C5-1
Removed Pin From Net: NetName=VCC Pin=IC2-VCC
Removed Pin From Net: NetName=VCC Pin=R6-2
Added Component: Designator=HD?(HED4)
Add component (AddParameter): Name = "Value"; Value = "Header 4"; VariantName = "[No Variations]"
Added Component: Designator=P4(HDR2X3)
Add component (AddParameter): Name = "LatestRevisionDate"; Value = "17-Jul-2002"; VariantName = "[No Variations]"
Add component (AddParameter): Name = "LatestRevisionNote"; Value = "Re-released for DXP Platform."; VariantName = "[No Variations]"
Add component (AddParameter): Name = "Publisher"; Value = "Altium Limited"; VariantName = "[No Variations]"
Added Pin To Net: NetName=5V Pin=P4-2
Added Pin To Net: NetName=VCC Pin=P4-4
Added Pin To Net: NetName=NetAMS1_2 Pin=AMS1-2
Added Pin To Net: NetName=NetAMS1_2 Pin=AMS1-4
Added Pin To Net: NetName=NetAMS1_2 Pin=C5-1
Added Pin To Net: NetName=NetAMS1_2 Pin=R6-2
Added Net: Name=NetAMS1_2
Added Pin To Net: NetName=VCC_Max7219 Pin=IC2-VCC
Added Pin To Net: NetName=VCC_Max7219 Pin=P4-1
Added Pin To Net: NetName=VCC_Max7219 Pin=P4-3
Added Net: Name=VCC_Max7219
Added Member To Class: ClassName=Sheet7 Member=Component HD? Header 4
Added Member To Class: ClassName=Sheet7 Member=Component P4 Header 3X2
Added Room: Name=Sheet7
