Change Component Footprint: Designator=P1 Old Footprint=HDR1X4 New Footprint=HDR2X10
Change Component Comment : Designator=P1 Old Comment=Header 4 New Comment=Header 10X2
Change Component Designator: OldDesignator=C1 NewDesignator=C4
Change Component Designator: OldDesignator=C2 NewDesignator=C5
Change Component Designator: OldDesignator=C3 NewDesignator=C6
Added Component: Designator=C1(tu 1206)
Add component (AddParameter): Name = "Chung_Loai"; Value = "Dán"; VariantName = "[No Variations]"
Add component (AddParameter): Name = "Don_Vi"; Value = "Con"; VariantName = "[No Variations]"
Add component (AddParameter): Name = "Kieu_Chan"; Value = ""; VariantName = "[No Variations]"
Add component (AddParameter): Name = "Ma_Hang"; Value = "MH004543"; VariantName = "[No Variations]"
Add component (AddParameter): Name = "So_Chan"; Value = "2"; VariantName = "[No Variations]"
Add component (AddParameter): Name = "Ten_Linh_Kien"; Value = "T? 1206 103-10nF 10% 50V"; VariantName = "[No Variations]"
Added Component: Designator=C2(tu 1206)
Add component (AddParameter): Name = "Chung_Loai"; Value = "Dán"; VariantName = "[No Variations]"
Add component (AddParameter): Name = "Don_Vi"; Value = "Con"; VariantName = "[No Variations]"
Add component (AddParameter): Name = "Kieu_Chan"; Value = ""; VariantName = "[No Variations]"
Add component (AddParameter): Name = "Ma_Hang"; Value = "MH004543"; VariantName = "[No Variations]"
Add component (AddParameter): Name = "So_Chan"; Value = "2"; VariantName = "[No Variations]"
Add component (AddParameter): Name = "Ten_Linh_Kien"; Value = "T? 1206 103-10nF 10% 50V"; VariantName = "[No Variations]"
Added Component: Designator=C3(tu 1206)
Add component (AddParameter): Name = "Chung_Loai"; Value = "Dán"; VariantName = "[No Variations]"
Add component (AddParameter): Name = "Don_Vi"; Value = "Con"; VariantName = "[No Variations]"
Add component (AddParameter): Name = "Kieu_Chan"; Value = ""; VariantName = "[No Variations]"
Add component (AddParameter): Name = "Ma_Hang"; Value = "MH004543"; VariantName = "[No Variations]"
Add component (AddParameter): Name = "So_Chan"; Value = "2"; VariantName = "[No Variations]"
Add component (AddParameter): Name = "Ten_Linh_Kien"; Value = "T? 1206 103-10nF 10% 50V"; VariantName = "[No Variations]"
Added Pin To Net: NetName=VCC Pin=C1-1
Added Pin To Net: NetName=GND Pin=C1-2
Added Pin To Net: NetName=VCC Pin=C2-1
Added Pin To Net: NetName=GND Pin=C2-2
Added Pin To Net: NetName=VCC Pin=C3-1
Added Pin To Net: NetName=GND Pin=C3-2
Added Pin To Net: NetName=VCC Pin=P1-2
Added Pin To Net: NetName=GND Pin=P1-4
Added Pin To Net: NetName=CLK Pin=IC1-CLK
Added Pin To Net: NetName=CLK Pin=P1-9
Added Net: Name=CLK
Added Pin To Net: NetName=CS Pin=IC1-CS
Added Pin To Net: NetName=CS Pin=P1-7
Added Net: Name=CS
Added Pin To Net: NetName=Den_Run Pin=P1-11
Added Pin To Net: NetName=Den_Run Pin=R2-1
Added Net: Name=Den_Run
Added Pin To Net: NetName=Den_Stop Pin=P1-13
Added Pin To Net: NetName=Den_Stop Pin=R3-1
Added Net: Name=Den_Stop
Added Pin To Net: NetName=Den_Warning Pin=P1-12
Added Pin To Net: NetName=Den_Warning Pin=R4-1
Added Net: Name=Den_Warning
Added Pin To Net: NetName=DIN Pin=IC1-DIN
Added Pin To Net: NetName=DIN Pin=P1-5
Added Net: Name=DIN
Added Pin To Net: NetName=Input_01 Pin=P1-6
Added Pin To Net: NetName=Input_01 Pin=R5-2
Added Net: Name=Input_01
Added Pin To Net: NetName=Input_02 Pin=P1-8
Added Pin To Net: NetName=Input_02 Pin=R6-2
Added Net: Name=Input_02
Added Pin To Net: NetName=Input_03 Pin=P1-10
Added Pin To Net: NetName=Input_03 Pin=R7-2
Added Net: Name=Input_03
Added Pin To Net: NetName=SCL_Oled Pin=P1-1
Added Pin To Net: NetName=SCL_Oled Pin=U1-3
Added Net: Name=SCL_Oled
Added Pin To Net: NetName=SDA_Oled Pin=P1-3
Added Pin To Net: NetName=SDA_Oled Pin=U1-4
Added Net: Name=SDA_Oled
Added Pin To Net: NetName=Var Pin=P1-14
Added Pin To Net: NetName=Var Pin=VR1-2
Added Net: Name=Var
Added Member To Class: ClassName=Sheet7 Member=Component C4 103
Added Member To Class: ClassName=Sheet7 Member=Component C5 103
Added Member To Class: ClassName=Sheet7 Member=Component C6 103
Added Room: Name=Sheet7
