Change Component Designator: Old Designator=AMS? New Designator=AMS1
Change Component Designator: Old Designator=C4 New Designator=C7
Change Component Designator: Old Designator=C? New Designator=C4
Change Component Designator: Old Designator=C? New Designator=C5
Change Component Designator: Old Designator=C? New Designator=C6
Change Component Designator: Old Designator=C? New Designator=C8
Change Component Designator: Old Designator=C? New Designator=C9
Change Component Designator: Old Designator=L? New Designator=L1
Change Component Designator: Old Designator=R5 New Designator=R6
Change Component Designator: Old Designator=R? New Designator=R5
Change Component Designator: Old Designator=R? New Designator=R7
Change Component Designator: Old Designator=R? New Designator=R8
Change Component Designator: Old Designator=R? New Designator=R9
Change Component Designator: Old Designator=R? New Designator=R10
Change Component Designator: Old Designator=R? New Designator=R11
Change Component Designator: Old Designator=RUN LIGHT New Designator=RUN LIGHT1
Change Component Designator: Old Designator=Start New Designator=Start1
Change Component Designator: Old Designator=Start? New Designator=Start2
Change Component Designator: Old Designator=Start? New Designator=Start3
Change Component Designator: Old Designator=STOP LIGHT New Designator=STOP LIGHT1
Change Component Designator: Old Designator=SUPPLY New Designator=SUPPLY1
Change Component Designator: Old Designator=WARN LIGHT New Designator=WARN LIGHT1
