Change Component Designator: Old Designator=BT1 New Designator=BT4
Change Component Designator: Old Designator=BT2 New Designator=BT5
Change Component Designator: Old Designator=BT3 New Designator=BT6
Change Component Designator: Old Designator=C1 New Designator=C4
Change Component Designator: Old Designator=C2 New Designator=C5
Change Component Designator: Old Designator=C3 New Designator=C6
Change Component Designator: Old Designator=C4 New Designator=C7
Change Component Designator: Old Designator=C5 New Designator=C8
Change Component Designator: Old Designator=C6 New Designator=C9
Change Component Designator: Old Designator=C7 New Designator=C10
Change Component Designator: Old Designator=C8 New Designator=C11
Change Component Designator: Old Designator=C9 New Designator=C12
Change Component Designator: Old Designator=C10 New Designator=C13
Change Component Designator: Old Designator=C11 New Designator=C14
Change Component Designator: Old Designator=C12 New Designator=C15
Change Component Designator: Old Designator=C13 New Designator=C16
Change Component Designator: Old Designator=C14 New Designator=C17
Change Component Designator: Old Designator=C15 New Designator=C18
Change Component Designator: Old Designator=C16 New Designator=C19
Change Component Designator: Old Designator=L1 New Designator=L5
Change Component Designator: Old Designator=L2 New Designator=L6
Change Component Designator: Old Designator=L3 New Designator=L7
Change Component Designator: Old Designator=R1 New Designator=R11
Change Component Designator: Old Designator=R2 New Designator=R12
Change Component Designator: Old Designator=R3 New Designator=R13
Change Component Designator: Old Designator=R4 New Designator=R14
Change Component Designator: Old Designator=R5 New Designator=R15
Change Component Designator: Old Designator=R6 New Designator=R16
Change Component Designator: Old Designator=R7 New Designator=R17
Change Component Designator: Old Designator=R8 New Designator=R18
Change Component Designator: Old Designator=R9 New Designator=R19
Change Component Designator: Old Designator=R10 New Designator=R20
Change Component Designator: Old Designator=R11 New Designator=R21
Change Component Designator: Old Designator=R12 New Designator=R22
Change Component Designator: Old Designator=R13 New Designator=R23
Change Component Designator: Old Designator=R14 New Designator=R24
Change Component Designator: Old Designator=R15 New Designator=R25
Change Component Designator: Old Designator=R16 New Designator=R26
Change Component Designator: Old Designator=R17 New Designator=R27
Change Component Designator: Old Designator=R18 New Designator=R28
Change Component Designator: Old Designator=R19 New Designator=R29
Change Component Designator: Old Designator=R20 New Designator=R30
Change Component Designator: Old Designator=R21 New Designator=R31
Change Component Designator: Old Designator=R22 New Designator=R32
Change Component Designator: Old Designator=R23 New Designator=R33
Change Component Designator: Old Designator=R24 New Designator=R34
Change Component Designator: Old Designator=R25 New Designator=R35
Change Component Designator: Old Designator=R26 New Designator=R36
Change Component Designator: Old Designator=U1 New Designator=U2
Change Component Designator: Old Designator=U2 New Designator=U3
Change Component Designator: Old Designator=U3 New Designator=U4
Change Component Designator: Old Designator=U4 New Designator=U5
Change Component Designator: Old Designator=U5 New Designator=U6
Change Component Designator: Old Designator=U6 New Designator=U7
Change Component Designator: Old Designator=VR1 New Designator=VR2
